Using pre-set license
Built from '2020.3/staging' branch; Version is '2020.3.17f1 (a4537701e4ab) revision 10769271'; Using compiler version '192528614'; Build Type 'Release'
OS: 'Windows 10 Enterprise; OS build 17763.1098; Version 1809; 64bit' Language: 'en' Physical Memory: 16235 MB
BatchMode: 1, IsHumanControllingUs: 0, StartBugReporterOnCrash: 0, Is64bit: 1, IsPro: 0

COMMAND LINE ARGUMENTS:
C:\Program Files\Unity\Hub\Editor\2020.3.17f1\Editor\Unity.exe
-adb2
-batchMode
-noUpm
-name
AssetImportWorker0
-projectPath
C:/Users/aschooley/Documents/Unity_Projects/New Unity Project (2)
-logFile
Logs/AssetImportWorker0.log
-srvPort
58337
Successfully changed project path to: C:/Users/aschooley/Documents/Unity_Projects/New Unity Project (2)
C:/Users/aschooley/Documents/Unity_Projects/New Unity Project (2)
Using Asset Import Pipeline V2.
Refreshing native plugins compatible for Editor in 300.29 ms, found 2 plugins.
Preloading 0 native plugins for Editor in 0.00 ms.
Initialize engine version: 2020.3.17f1 (a4537701e4ab)
[Subsystems] Discovering subsystems at path C:/Program Files/Unity/Hub/Editor/2020.3.17f1/Editor/Data/Resources/UnitySubsystems
[Subsystems] Discovering subsystems at path C:/Users/aschooley/Documents/Unity_Projects/New Unity Project (2)/Assets
GfxDevice: creating device client; threaded=0
Direct3D:
    Version:  Direct3D 11.0 [level 11.1]
    Renderer: NVIDIA Quadro P2000 (ID=0x1cba)
    Vendor:   
    VRAM:     4018 MB
    Driver:   27.21.14.5225
Initialize mono
Mono path[0] = 'C:/Program Files/Unity/Hub/Editor/2020.3.17f1/Editor/Data/Managed'
Mono path[1] = 'C:/Program Files/Unity/Hub/Editor/2020.3.17f1/Editor/Data/MonoBleedingEdge/lib/mono/unityjit'
Mono config path = 'C:/Program Files/Unity/Hub/Editor/2020.3.17f1/Editor/Data/MonoBleedingEdge/etc'
Using monoOptions --debugger-agent=transport=dt_socket,embedding=1,server=y,suspend=n,address=127.0.0.1:56104
Begin MonoManager ReloadAssembly
Registering precompiled unity dll's ...
Register platform support module: C:/Program Files/Unity/Hub/Editor/2020.3.17f1/Editor/Data/PlaybackEngines/WindowsStandaloneSupport/UnityEditor.WindowsStandalone.Extensions.dll
Registered in 0.010059 seconds.
Native extension for WindowsStandalone target not found
Refreshing native plugins compatible for Editor in 204.97 ms, found 2 plugins.
Preloading 0 native plugins for Editor in 0.00 ms.
Mono: successfully reloaded assembly
- Completed reload, in  4.918 seconds
Domain Reload Profiling:
	ReloadAssembly (4918ms)
		BeginReloadAssembly (98ms)
			ExecutionOrderSort (0ms)
			DisableScriptedObjects (0ms)
			BackupInstance (0ms)
			ReleaseScriptingObjects (0ms)
			CreateAndSetChildDomain (1ms)
		EndReloadAssembly (1853ms)
			LoadAssemblies (97ms)
			RebuildTransferFunctionScriptingTraits (0ms)
			SetupTypeCache (605ms)
			ReleaseScriptCaches (0ms)
			RebuildScriptCaches (131ms)
			SetupLoadedEditorAssemblies (763ms)
				LogAssemblyErrors (0ms)
				InitializePlatformSupportModulesInManaged (19ms)
				SetLoadedEditorAssemblies (1ms)
				RefreshPlugins (205ms)
				BeforeProcessingInitializeOnLoad (70ms)
				ProcessInitializeOnLoadAttributes (340ms)
				ProcessInitializeOnLoadMethodAttributes (127ms)
				AfterProcessingInitializeOnLoad (0ms)
				EditorAssembliesLoaded (1ms)
			ExecutionOrderSort2 (0ms)
			AwakeInstancesAfterBackupRestoration (0ms)
Platform modules already initialized, skipping
Registering precompiled user dll's ...
Registered in 0.058346 seconds.
Begin MonoManager ReloadAssembly
Native extension for WindowsStandalone target not found
Refreshing native plugins compatible for Editor in 0.82 ms, found 2 plugins.
Preloading 0 native plugins for Editor in 0.00 ms.
Mono: successfully reloaded assembly
- Completed reload, in  2.407 seconds
Domain Reload Profiling:
	ReloadAssembly (2410ms)
		BeginReloadAssembly (220ms)
			ExecutionOrderSort (0ms)
			DisableScriptedObjects (6ms)
			BackupInstance (0ms)
			ReleaseScriptingObjects (0ms)
			CreateAndSetChildDomain (23ms)
		EndReloadAssembly (2104ms)
			LoadAssemblies (163ms)
			RebuildTransferFunctionScriptingTraits (0ms)
			SetupTypeCache (531ms)
			ReleaseScriptCaches (1ms)
			RebuildScriptCaches (59ms)
			SetupLoadedEditorAssemblies (1175ms)
				LogAssemblyErrors (0ms)
				InitializePlatformSupportModulesInManaged (6ms)
				SetLoadedEditorAssemblies (1ms)
				RefreshPlugins (1ms)
				BeforeProcessingInitializeOnLoad (166ms)
				ProcessInitializeOnLoadAttributes (869ms)
				ProcessInitializeOnLoadMethodAttributes (108ms)
				AfterProcessingInitializeOnLoad (24ms)
				EditorAssembliesLoaded (0ms)
			ExecutionOrderSort2 (0ms)
			AwakeInstancesAfterBackupRestoration (21ms)
Platform modules already initialized, skipping
========================================================================
Worker process is ready to serve import requests
Launched and connected shader compiler UnityShaderCompiler.exe after 0.18 seconds
Refreshing native plugins compatible for Editor in 0.71 ms, found 2 plugins.
Preloading 0 native plugins for Editor in 0.00 ms.
Unloading 1967 Unused Serialized files (Serialized files now loaded: 0)
System memory in use before: 93.4 MB.
System memory in use after: 93.5 MB.

Unloading 58 unused Assets to reduce memory usage. Loaded Objects now: 2386.
Total: 8.515000 ms (FindLiveObjects: 0.229700 ms CreateObjectMapping: 0.093800 ms MarkObjects: 8.076200 ms  DeleteObjects: 0.113800 ms)

AssetImportParameters requested are different than current active one (requested -> active):
  custom:framework-win-MediaFoundation: 216162199b28c13a410421893ffa2e32 -> 
  custom:video-decoder-ogg-theora: a1e56fd34408186e4bbccfd4996cb3dc -> 
  custom:container-muxer-webm: aa71ff27fc2769a1b78a27578f13a17b -> 
  custom:container-demuxer-webm: 4f35f7cbe854078d1ac9338744f61a02 -> 
  custom:container-demuxer-ogg: 62fdf1f143b41e24485cea50d1cbac27 -> 
  custom:video-encoder-webm-vp8: eb34c28f22e8b96e1ab97ce403110664 -> 
  custom:video-decoder-webm-vp8: 9c59270c3fd7afecdb556c50c9e8de78 -> 
  custom:audio-decoder-ogg-vorbis: bf7c407c2cedff20999df2af8eb42d56 -> 
  custom:audio-encoder-webm-vorbis: bf7c407c2cedff20999df2af8eb42d56 -> 
========================================================================
Received Import Request.
  path: Assets/Models/perfect-lowpoly-crate
  artifactKey: Guid(ee0aa814e49e32a4f8cbfa14cc82bef8) Importer(815301076,1909f56bfc062723c751e8b465ee728b)
Start importing Assets/Models/perfect-lowpoly-crate using Guid(ee0aa814e49e32a4f8cbfa14cc82bef8) Importer(815301076,1909f56bfc062723c751e8b465ee728b)  -> (artifact id: '4cd862d050dd76004ecd39d2050f91ab') in 0.011548 seconds 
  Import took 0.016194 seconds .

========================================================================
Received Import Request.
  Time since last request: 0.000495 seconds.
  path: Assets/Models/perfect-lowpoly-crate/source/LP_Crate.fbx
  artifactKey: Guid(5533efb701ba4f2428aff41aa7b16a60) Importer(815301076,1909f56bfc062723c751e8b465ee728b)
Start importing Assets/Models/perfect-lowpoly-crate/source/LP_Crate.fbx using Guid(5533efb701ba4f2428aff41aa7b16a60) Importer(815301076,1909f56bfc062723c751e8b465ee728b)  -> (artifact id: 'df76e211fbf9aa6558b974692b674e13') in 0.320800 seconds 
  Import took 0.325095 seconds .

========================================================================
Received Import Request.
  Time since last request: 0.000356 seconds.
  path: Assets/Models/perfect-lowpoly-crate/source
  artifactKey: Guid(a67361ab5b402e2499fb1c3ccb9de541) Importer(815301076,1909f56bfc062723c751e8b465ee728b)
Start importing Assets/Models/perfect-lowpoly-crate/source using Guid(a67361ab5b402e2499fb1c3ccb9de541) Importer(815301076,1909f56bfc062723c751e8b465ee728b)  -> (artifact id: '534437c212532e6ad10ceb4ac1287b14') in 0.005962 seconds 
  Import took 0.010314 seconds .

========================================================================
Received Import Request.
  Time since last request: 53.869418 seconds.
  path: Assets/Scenes
  artifactKey: Guid(713256874d91a45469700c89b4eca28d) Importer(815301076,1909f56bfc062723c751e8b465ee728b)
Start importing Assets/Scenes using Guid(713256874d91a45469700c89b4eca28d) Importer(815301076,1909f56bfc062723c751e8b465ee728b)  -> (artifact id: '000554290ca5a4bb4eb9f613b6a3444f') in 0.008303 seconds 
  Import took 0.013528 seconds .

========================================================================
Received Import Request.
  Time since last request: 4.806682 seconds.
  path: Assets/Materials/New Material.mat
  artifactKey: Guid(a8a5b3f59e0a8f24e9618891016b09c6) Importer(815301076,1909f56bfc062723c751e8b465ee728b)
Start importing Assets/Materials/New Material.mat using Guid(a8a5b3f59e0a8f24e9618891016b09c6) Importer(815301076,1909f56bfc062723c751e8b465ee728b)  -> (artifact id: '63454dbf9aea872ad7a327c51f4771f7') in 0.044281 seconds 
  Import took 0.049596 seconds .

========================================================================
Received Prepare
Registering precompiled user dll's ...
Registered in 0.025115 seconds.
Begin MonoManager ReloadAssembly
Native extension for WindowsStandalone target not found
Refreshing native plugins compatible for Editor in 0.75 ms, found 2 plugins.
Preloading 0 native plugins for Editor in 0.00 ms.
Mono: successfully reloaded assembly
- Completed reload, in  1.951 seconds
Domain Reload Profiling:
	ReloadAssembly (1951ms)
		BeginReloadAssembly (187ms)
			ExecutionOrderSort (0ms)
			DisableScriptedObjects (7ms)
			BackupInstance (0ms)
			ReleaseScriptingObjects (0ms)
			CreateAndSetChildDomain (50ms)
		EndReloadAssembly (1688ms)
			LoadAssemblies (175ms)
			RebuildTransferFunctionScriptingTraits (0ms)
			SetupTypeCache (498ms)
			ReleaseScriptCaches (1ms)
			RebuildScriptCaches (84ms)
			SetupLoadedEditorAssemblies (726ms)
				LogAssemblyErrors (0ms)
				InitializePlatformSupportModulesInManaged (6ms)
				SetLoadedEditorAssemblies (1ms)
				RefreshPlugins (1ms)
				BeforeProcessingInitializeOnLoad (132ms)
				ProcessInitializeOnLoadAttributes (538ms)
				ProcessInitializeOnLoadMethodAttributes (40ms)
				AfterProcessingInitializeOnLoad (9ms)
				EditorAssembliesLoaded (0ms)
			ExecutionOrderSort2 (0ms)
			AwakeInstancesAfterBackupRestoration (10ms)
Platform modules already initialized, skipping
Refreshing native plugins compatible for Editor in 1.14 ms, found 2 plugins.
Preloading 0 native plugins for Editor in 0.00 ms.
Unloading 1961 Unused Serialized files (Serialized files now loaded: 0)
System memory in use before: 96.7 MB.
System memory in use after: 96.8 MB.

Unloading 49 unused Assets to reduce memory usage. Loaded Objects now: 2431.
Total: 15.007800 ms (FindLiveObjects: 0.377100 ms CreateObjectMapping: 0.164000 ms MarkObjects: 14.401300 ms  DeleteObjects: 0.062800 ms)

AssetImportParameters requested are different than current active one (requested -> active):
  custom:framework-win-MediaFoundation: 216162199b28c13a410421893ffa2e32 -> 
  custom:video-decoder-ogg-theora: a1e56fd34408186e4bbccfd4996cb3dc -> 
  custom:container-muxer-webm: aa71ff27fc2769a1b78a27578f13a17b -> 
  custom:container-demuxer-webm: 4f35f7cbe854078d1ac9338744f61a02 -> 
  custom:container-demuxer-ogg: 62fdf1f143b41e24485cea50d1cbac27 -> 
  custom:video-encoder-webm-vp8: eb34c28f22e8b96e1ab97ce403110664 -> 
  custom:video-decoder-webm-vp8: 9c59270c3fd7afecdb556c50c9e8de78 -> 
  custom:audio-decoder-ogg-vorbis: bf7c407c2cedff20999df2af8eb42d56 -> 
  custom:audio-encoder-webm-vorbis: bf7c407c2cedff20999df2af8eb42d56 -> 
========================================================================
Received Import Request.
  Time since last request: 335.881090 seconds.
  path: Assets/Prefabs
  artifactKey: Guid(95332a08aedaa7c4eb8e468d4172868c) Importer(815301076,1909f56bfc062723c751e8b465ee728b)
Start importing Assets/Prefabs using Guid(95332a08aedaa7c4eb8e468d4172868c) Importer(815301076,1909f56bfc062723c751e8b465ee728b)  -> (artifact id: '192e6265ac798b5292db1ca4cb8c378f') in 0.066626 seconds 
  Import took 0.073950 seconds .

========================================================================
Received Prepare
Registering precompiled user dll's ...
Registered in 0.020709 seconds.
Begin MonoManager ReloadAssembly
Native extension for WindowsStandalone target not found
Refreshing native plugins compatible for Editor in 0.84 ms, found 2 plugins.
Preloading 0 native plugins for Editor in 0.00 ms.
Mono: successfully reloaded assembly
- Completed reload, in  2.601 seconds
Domain Reload Profiling:
	ReloadAssembly (2601ms)
		BeginReloadAssembly (349ms)
			ExecutionOrderSort (0ms)
			DisableScriptedObjects (7ms)
			BackupInstance (0ms)
			ReleaseScriptingObjects (0ms)
			CreateAndSetChildDomain (87ms)
		EndReloadAssembly (2034ms)
			LoadAssemblies (387ms)
			RebuildTransferFunctionScriptingTraits (0ms)
			SetupTypeCache (506ms)
			ReleaseScriptCaches (2ms)
			RebuildScriptCaches (115ms)
			SetupLoadedEditorAssemblies (939ms)
				LogAssemblyErrors (0ms)
				InitializePlatformSupportModulesInManaged (6ms)
				SetLoadedEditorAssemblies (1ms)
				RefreshPlugins (1ms)
				BeforeProcessingInitializeOnLoad (125ms)
				ProcessInitializeOnLoadAttributes (734ms)
				ProcessInitializeOnLoadMethodAttributes (63ms)
				AfterProcessingInitializeOnLoad (9ms)
				EditorAssembliesLoaded (0ms)
			ExecutionOrderSort2 (0ms)
			AwakeInstancesAfterBackupRestoration (9ms)
Platform modules already initialized, skipping
Refreshing native plugins compatible for Editor in 0.85 ms, found 2 plugins.
Preloading 0 native plugins for Editor in 0.00 ms.
Unloading 1961 Unused Serialized files (Serialized files now loaded: 0)
System memory in use before: 96.8 MB.
System memory in use after: 96.9 MB.

Unloading 49 unused Assets to reduce memory usage. Loaded Objects now: 2433.
Total: 7.497500 ms (FindLiveObjects: 0.228000 ms CreateObjectMapping: 0.079700 ms MarkObjects: 7.154100 ms  DeleteObjects: 0.034200 ms)

AssetImportParameters requested are different than current active one (requested -> active):
  custom:framework-win-MediaFoundation: 216162199b28c13a410421893ffa2e32 -> 
  custom:video-decoder-ogg-theora: a1e56fd34408186e4bbccfd4996cb3dc -> 
  custom:container-muxer-webm: aa71ff27fc2769a1b78a27578f13a17b -> 
  custom:container-demuxer-webm: 4f35f7cbe854078d1ac9338744f61a02 -> 
  custom:container-demuxer-ogg: 62fdf1f143b41e24485cea50d1cbac27 -> 
  custom:video-encoder-webm-vp8: eb34c28f22e8b96e1ab97ce403110664 -> 
  custom:video-decoder-webm-vp8: 9c59270c3fd7afecdb556c50c9e8de78 -> 
  custom:audio-decoder-ogg-vorbis: bf7c407c2cedff20999df2af8eb42d56 -> 
  custom:audio-encoder-webm-vorbis: bf7c407c2cedff20999df2af8eb42d56 -> 
========================================================================
Received Import Request.
  Time since last request: 136.111069 seconds.
  path: Assets/Prefabs/House.prefab
  artifactKey: Guid(6a261f41c206ae84da73a9c39a8ba417) Importer(815301076,1909f56bfc062723c751e8b465ee728b)
Start importing Assets/Prefabs/House.prefab using Guid(6a261f41c206ae84da73a9c39a8ba417) Importer(815301076,1909f56bfc062723c751e8b465ee728b)  -> (artifact id: 'b4d7b52431ff9dad69049df54a4150a5') in 0.136572 seconds 
  Import took 0.140479 seconds .

========================================================================
Received Import Request.
  Time since last request: 26.433344 seconds.
  path: Assets/Prefabs/Rock.prefab
  artifactKey: Guid(0717d0882960b2a459fc9a5d3163ac5d) Importer(815301076,1909f56bfc062723c751e8b465ee728b)
Start importing Assets/Prefabs/Rock.prefab using Guid(0717d0882960b2a459fc9a5d3163ac5d) Importer(815301076,1909f56bfc062723c751e8b465ee728b)  -> (artifact id: 'a3bc0b31a949b7e21ce6f08092acd6b3') in 0.021386 seconds 
  Import took 0.026424 seconds .

========================================================================
Received Import Request.
  Time since last request: 0.038954 seconds.
  path: Assets/Prefabs/Rock.prefab
  artifactKey: Guid(0717d0882960b2a459fc9a5d3163ac5d) Importer(815301076,1909f56bfc062723c751e8b465ee728b)
Start importing Assets/Prefabs/Rock.prefab using Guid(0717d0882960b2a459fc9a5d3163ac5d) Importer(815301076,1909f56bfc062723c751e8b465ee728b)  -> (artifact id: 'a3bc0b31a949b7e21ce6f08092acd6b3') in 0.021143 seconds 
  Import took 0.026917 seconds .

========================================================================
Received Import Request.
  Time since last request: 36.886538 seconds.
  path: Assets/Prefabs/House.prefab
  artifactKey: Guid(6a261f41c206ae84da73a9c39a8ba417) Importer(815301076,1909f56bfc062723c751e8b465ee728b)
Start importing Assets/Prefabs/House.prefab using Guid(6a261f41c206ae84da73a9c39a8ba417) Importer(815301076,1909f56bfc062723c751e8b465ee728b)  -> (artifact id: 'f363d9d738fa76addc920a3dc512ad8a') in 0.053453 seconds 
  Import took 0.064825 seconds .

========================================================================
Received Import Request.
  Time since last request: 12.944153 seconds.
  path: Assets/Prefabs/Rock (2) Variant.prefab
  artifactKey: Guid(08a174e6eb0ccf04e80605d808a849bd) Importer(815301076,1909f56bfc062723c751e8b465ee728b)
Start importing Assets/Prefabs/Rock (2) Variant.prefab using Guid(08a174e6eb0ccf04e80605d808a849bd) Importer(815301076,1909f56bfc062723c751e8b465ee728b)  -> (artifact id: '547affc3d83d64c8098b06a589bb0dfa') in 0.047245 seconds 
  Import took 0.056334 seconds .

========================================================================
Received Import Request.
  Time since last request: 6.413431 seconds.
  path: Assets/Prefabs/Mushroom (1) Variant.prefab
  artifactKey: Guid(be21b4a0dbb9b874494af161d8bafdc5) Importer(815301076,1909f56bfc062723c751e8b465ee728b)
Start importing Assets/Prefabs/Mushroom (1) Variant.prefab using Guid(be21b4a0dbb9b874494af161d8bafdc5) Importer(815301076,1909f56bfc062723c751e8b465ee728b)  -> (artifact id: 'bcb3e829d31e841747e2d4ce6386ee43') in 0.038998 seconds 
  Import took 0.048330 seconds .

========================================================================
Received Import Request.
  Time since last request: 5.711268 seconds.
  path: Assets/Prefabs/smallHill Variant.prefab
  artifactKey: Guid(210dc1af4bbe1f840bf81a214f04b179) Importer(815301076,1909f56bfc062723c751e8b465ee728b)
Start importing Assets/Prefabs/smallHill Variant.prefab using Guid(210dc1af4bbe1f840bf81a214f04b179) Importer(815301076,1909f56bfc062723c751e8b465ee728b)  -> (artifact id: 'c6a47b362f02b0bfede219ec0e4ec991') in 0.084447 seconds 
  Import took 0.091878 seconds .

========================================================================
Received Import Request.
  Time since last request: 12.746315 seconds.
  path: Assets/Prefabs/Rock (1) Variant.prefab
  artifactKey: Guid(63b57778acfdef043b4b11bffe2012e2) Importer(815301076,1909f56bfc062723c751e8b465ee728b)
Start importing Assets/Prefabs/Rock (1) Variant.prefab using Guid(63b57778acfdef043b4b11bffe2012e2) Importer(815301076,1909f56bfc062723c751e8b465ee728b)  -> (artifact id: 'a7e290e2fe06c0672f7822b7d8a40124') in 0.079319 seconds 
  Import took 0.089313 seconds .

========================================================================
Received Import Request.
  Time since last request: 0.004196 seconds.
  path: Assets/Prefabs/Rock (1) Variant.prefab
  artifactKey: Guid(63b57778acfdef043b4b11bffe2012e2) Importer(815301076,1909f56bfc062723c751e8b465ee728b)
Start importing Assets/Prefabs/Rock (1) Variant.prefab using Guid(63b57778acfdef043b4b11bffe2012e2) Importer(815301076,1909f56bfc062723c751e8b465ee728b)  -> (artifact id: 'a7e290e2fe06c0672f7822b7d8a40124') in 0.028620 seconds 
  Import took 0.035994 seconds .

========================================================================
Received Import Request.
  Time since last request: 14.144205 seconds.
  path: Assets/Prefabs/Rock Variant.prefab
  artifactKey: Guid(e44be48211e79304e87b65242a27cbf0) Importer(815301076,1909f56bfc062723c751e8b465ee728b)
Start importing Assets/Prefabs/Rock Variant.prefab using Guid(e44be48211e79304e87b65242a27cbf0) Importer(815301076,1909f56bfc062723c751e8b465ee728b)  -> (artifact id: 'ad51c39db696ed7bad8e6bb3c41437a6') in 0.033788 seconds 
  Import took 0.042155 seconds .

========================================================================
Received Import Request.
  Time since last request: 166.645757 seconds.
  path: Assets/Materials/New Material 4.mat
  artifactKey: Guid(dc0377a1af3c93f47be3e3569ca38ca1) Importer(815301076,1909f56bfc062723c751e8b465ee728b)
Start importing Assets/Materials/New Material 4.mat using Guid(dc0377a1af3c93f47be3e3569ca38ca1) Importer(815301076,1909f56bfc062723c751e8b465ee728b)  -> (artifact id: '5d266cfa65c68e405b83242d2e8c7037') in 0.060961 seconds 
  Import took 0.070014 seconds .

========================================================================
Received Import Request.
  Time since last request: 345.524321 seconds.
  path: Assets/Materials/New Material 4.mat
  artifactKey: Guid(dc0377a1af3c93f47be3e3569ca38ca1) Importer(815301076,1909f56bfc062723c751e8b465ee728b)
Start importing Assets/Materials/New Material 4.mat using Guid(dc0377a1af3c93f47be3e3569ca38ca1) Importer(815301076,1909f56bfc062723c751e8b465ee728b)  -> (artifact id: '203c1dbd2319c79693e5124dfd4964b8') in 0.016485 seconds 
  Import took 0.021161 seconds .

========================================================================
Received Import Request.
  Time since last request: 0.000452 seconds.
  path: Assets/Materials/New Material 5.mat
  artifactKey: Guid(f4407ace1b4656c4985f6f8d1f5f70ad) Importer(815301076,1909f56bfc062723c751e8b465ee728b)
Start importing Assets/Materials/New Material 5.mat using Guid(f4407ace1b4656c4985f6f8d1f5f70ad) Importer(815301076,1909f56bfc062723c751e8b465ee728b)  -> (artifact id: '49de659f594fca4bc7a5f652ecdcd258') in 0.015005 seconds 
  Import took 0.019290 seconds .

========================================================================
Received Import Request.
  Time since last request: 19.492597 seconds.
  path: Assets/Materials/New Material 6.mat
  artifactKey: Guid(c57e112fb99c6514ab95dbd461536202) Importer(815301076,1909f56bfc062723c751e8b465ee728b)
Start importing Assets/Materials/New Material 6.mat using Guid(c57e112fb99c6514ab95dbd461536202) Importer(815301076,1909f56bfc062723c751e8b465ee728b)  -> (artifact id: '113260f01c43be548371e5f04349e574') in 0.042398 seconds 
  Import took 0.055547 seconds .

========================================================================
Received Import Request.
  Time since last request: 544.715734 seconds.
  path: Assets/Prefabs/House.prefab
  artifactKey: Guid(6a261f41c206ae84da73a9c39a8ba417) Importer(815301076,1909f56bfc062723c751e8b465ee728b)
Start importing Assets/Prefabs/House.prefab using Guid(6a261f41c206ae84da73a9c39a8ba417) Importer(815301076,1909f56bfc062723c751e8b465ee728b)  -> (artifact id: '1e51800ded58926133af45be32ccd363') in 0.023663 seconds 
  Import took 0.030922 seconds .

========================================================================
Received Import Request.
  Time since last request: 549.646914 seconds.
  path: Assets/Models/perfect-lowpoly-crate/textures
  artifactKey: Guid(54b0e2cb127a30f4b8f934984dc61fa7) Importer(815301076,1909f56bfc062723c751e8b465ee728b)
Start importing Assets/Models/perfect-lowpoly-crate/textures using Guid(54b0e2cb127a30f4b8f934984dc61fa7) Importer(815301076,1909f56bfc062723c751e8b465ee728b)  -> (artifact id: '8e1bf7b26cb0d32aff3ffc650150130d') in 0.009679 seconds 
  Import took 0.017452 seconds .

========================================================================
Received Import Request.
  Time since last request: 0.055517 seconds.
  path: Assets/Models/perfect-lowpoly-crate/textures/crate_ao.png
  artifactKey: Guid(5aee2a8b1b2b2494eb4076500a3f8d3f) Importer(815301076,1909f56bfc062723c751e8b465ee728b)
Start importing Assets/Models/perfect-lowpoly-crate/textures/crate_ao.png using Guid(5aee2a8b1b2b2494eb4076500a3f8d3f) Importer(815301076,1909f56bfc062723c751e8b465ee728b)  -> (artifact id: '0d412ac0b1aadefd1ceedfbb88adf359') in 0.165871 seconds 
  Import took 0.171070 seconds .

========================================================================
Received Import Request.
  Time since last request: 0.000353 seconds.
  path: Assets/Models/perfect-lowpoly-crate/textures/crate_normal.png
  artifactKey: Guid(6e40169e5139ff741aa03593c5cfa1bb) Importer(815301076,1909f56bfc062723c751e8b465ee728b)
Start importing Assets/Models/perfect-lowpoly-crate/textures/crate_normal.png using Guid(6e40169e5139ff741aa03593c5cfa1bb) Importer(815301076,1909f56bfc062723c751e8b465ee728b)  -> (artifact id: 'e08f43b062bf613868d8a36a14c2fe95') in 0.018642 seconds 
  Import took 0.022703 seconds .

========================================================================
Received Import Request.
  Time since last request: 71.326638 seconds.
  path: Assets/Models/perfect-lowpoly-crate/Materials/crate_ao.mat
  artifactKey: Guid(f16eb3f822c4685449fe6b47967e9c6d) Importer(815301076,1909f56bfc062723c751e8b465ee728b)
Start importing Assets/Models/perfect-lowpoly-crate/Materials/crate_ao.mat using Guid(f16eb3f822c4685449fe6b47967e9c6d) Importer(815301076,1909f56bfc062723c751e8b465ee728b)  -> (artifact id: 'c43b8dbf96a8d746762946fb3a51dd5e') in 0.023317 seconds 
  Import took 0.028862 seconds .

========================================================================
Received Import Request.
  Time since last request: 0.000597 seconds.
  path: Assets/Models/perfect-lowpoly-crate/Materials/crate_normal.mat
  artifactKey: Guid(7881024f0bd9b074891501dfa7dd982a) Importer(815301076,1909f56bfc062723c751e8b465ee728b)
Start importing Assets/Models/perfect-lowpoly-crate/Materials/crate_normal.mat using Guid(7881024f0bd9b074891501dfa7dd982a) Importer(815301076,1909f56bfc062723c751e8b465ee728b)  -> (artifact id: '4eb29b80ec788b71bca9f15c631aaab2') in 0.025709 seconds 
  Import took 0.033516 seconds .

========================================================================
Received Import Request.
  Time since last request: 260.447913 seconds.
  path: Assets/Models/perfect-lowpoly-crate/textures/crate_normal.png
  artifactKey: Guid(6e40169e5139ff741aa03593c5cfa1bb) Importer(815301076,1909f56bfc062723c751e8b465ee728b)
Start importing Assets/Models/perfect-lowpoly-crate/textures/crate_normal.png using Guid(6e40169e5139ff741aa03593c5cfa1bb) Importer(815301076,1909f56bfc062723c751e8b465ee728b)  -> (artifact id: 'f3b9647d00820698f9cf6102f7eaec3d') in 0.046969 seconds 
  Import took 0.051766 seconds .

========================================================================
Received Import Request.
  Time since last request: 78.853108 seconds.
  path: Assets/Materials/New Material 6.mat
  artifactKey: Guid(c57e112fb99c6514ab95dbd461536202) Importer(815301076,1909f56bfc062723c751e8b465ee728b)
Start importing Assets/Materials/New Material 6.mat using Guid(c57e112fb99c6514ab95dbd461536202) Importer(815301076,1909f56bfc062723c751e8b465ee728b)  -> (artifact id: 'f1b5c95aea19b3648346fc855de5515d') in 0.067447 seconds 
  Import took 0.073014 seconds .

========================================================================
Received Import Request.
  Time since last request: 0.000397 seconds.
  path: Assets/Materials/New Material 7.mat
  artifactKey: Guid(8f873206c17612546ac0a711a5c66060) Importer(815301076,1909f56bfc062723c751e8b465ee728b)
Start importing Assets/Materials/New Material 7.mat using Guid(8f873206c17612546ac0a711a5c66060) Importer(815301076,1909f56bfc062723c751e8b465ee728b)  -> (artifact id: '054607e5705a181bfa8b936ebd9131a7') in 0.015568 seconds 
  Import took 0.019878 seconds .

========================================================================
Received Import Request.
  Time since last request: 334.438874 seconds.
  path: Assets/Materials/New Material 9.mat
  artifactKey: Guid(ae5a868b94fcc7347abaa9a620e5d134) Importer(815301076,1909f56bfc062723c751e8b465ee728b)
Start importing Assets/Materials/New Material 9.mat using Guid(ae5a868b94fcc7347abaa9a620e5d134) Importer(815301076,1909f56bfc062723c751e8b465ee728b)  -> (artifact id: '2761a1adb781cfa9888469aa2f096a6b') in 0.020304 seconds 
  Import took 0.025816 seconds .

========================================================================
Received Import Request.
  Time since last request: 333.870724 seconds.
  path: Assets/Materials/grass.mat
  artifactKey: Guid(eabb730187d16f9488b5a19fadf8a1d7) Importer(815301076,1909f56bfc062723c751e8b465ee728b)
Start importing Assets/Materials/grass.mat using Guid(eabb730187d16f9488b5a19fadf8a1d7) Importer(815301076,1909f56bfc062723c751e8b465ee728b)  -> (artifact id: 'a20ec4ca6e51060da09439ed8f5e7be3') in 0.056264 seconds 
  Import took 0.067380 seconds .

========================================================================
Received Import Request.
  Time since last request: 588.452856 seconds.
  path: Assets/Materials/grass.mat
  artifactKey: Guid(eabb730187d16f9488b5a19fadf8a1d7) Importer(815301076,1909f56bfc062723c751e8b465ee728b)
Start importing Assets/Materials/grass.mat using Guid(eabb730187d16f9488b5a19fadf8a1d7) Importer(815301076,1909f56bfc062723c751e8b465ee728b)  -> (artifact id: '1e908c50d5bcfb436ddc2f1386a5b54d') in 0.018143 seconds 
  Import took 0.022981 seconds .

========================================================================
Received Import Request.
  Time since last request: 0.000455 seconds.
  path: Assets/Materials/New Material 9.mat
  artifactKey: Guid(ae5a868b94fcc7347abaa9a620e5d134) Importer(815301076,1909f56bfc062723c751e8b465ee728b)
Start importing Assets/Materials/New Material 9.mat using Guid(ae5a868b94fcc7347abaa9a620e5d134) Importer(815301076,1909f56bfc062723c751e8b465ee728b)  -> (artifact id: 'b38b868a00d349dcda536e7d3e052c4a') in 0.014743 seconds 
  Import took 0.018517 seconds .

========================================================================
Received Import Request.
  Time since last request: 0.000363 seconds.
  path: Assets/Materials/New Material 8.mat
  artifactKey: Guid(c3a5a85d19f62d84982a503b7f75cfbf) Importer(815301076,1909f56bfc062723c751e8b465ee728b)
Start importing Assets/Materials/New Material 8.mat using Guid(c3a5a85d19f62d84982a503b7f75cfbf) Importer(815301076,1909f56bfc062723c751e8b465ee728b)  -> (artifact id: 'ea9d01e49050b4d0f12f4a3a8491ef5f') in 0.016075 seconds 
  Import took 0.020220 seconds .

========================================================================
Received Prepare
Registering precompiled user dll's ...
Registered in 0.028333 seconds.
Begin MonoManager ReloadAssembly
Native extension for WindowsStandalone target not found
Refreshing native plugins compatible for Editor in 0.91 ms, found 2 plugins.
Preloading 0 native plugins for Editor in 0.00 ms.
Mono: successfully reloaded assembly
- Completed reload, in  3.147 seconds
Domain Reload Profiling:
	ReloadAssembly (3149ms)
		BeginReloadAssembly (247ms)
			ExecutionOrderSort (0ms)
			DisableScriptedObjects (14ms)
			BackupInstance (0ms)
			ReleaseScriptingObjects (0ms)
			CreateAndSetChildDomain (92ms)
		EndReloadAssembly (2743ms)
			LoadAssemblies (290ms)
			RebuildTransferFunctionScriptingTraits (0ms)
			SetupTypeCache (727ms)
			ReleaseScriptCaches (3ms)
			RebuildScriptCaches (165ms)
			SetupLoadedEditorAssemblies (1253ms)
				LogAssemblyErrors (0ms)
				InitializePlatformSupportModulesInManaged (7ms)
				SetLoadedEditorAssemblies (1ms)
				RefreshPlugins (1ms)
				BeforeProcessingInitializeOnLoad (163ms)
				ProcessInitializeOnLoadAttributes (932ms)
				ProcessInitializeOnLoadMethodAttributes (118ms)
				AfterProcessingInitializeOnLoad (31ms)
				EditorAssembliesLoaded (1ms)
			ExecutionOrderSort2 (0ms)
			AwakeInstancesAfterBackupRestoration (27ms)
Platform modules already initialized, skipping
Refreshing native plugins compatible for Editor in 1.46 ms, found 2 plugins.
Preloading 0 native plugins for Editor in 0.00 ms.
Unloading 1961 Unused Serialized files (Serialized files now loaded: 0)
System memory in use before: 96.9 MB.
System memory in use after: 97.0 MB.

Unloading 50 unused Assets to reduce memory usage. Loaded Objects now: 2439.
Total: 14.415000 ms (FindLiveObjects: 0.362300 ms CreateObjectMapping: 0.167900 ms MarkObjects: 13.810900 ms  DeleteObjects: 0.071400 ms)

AssetImportParameters requested are different than current active one (requested -> active):
  custom:framework-win-MediaFoundation: 216162199b28c13a410421893ffa2e32 -> 
  custom:video-decoder-ogg-theora: a1e56fd34408186e4bbccfd4996cb3dc -> 
  custom:container-muxer-webm: aa71ff27fc2769a1b78a27578f13a17b -> 
  custom:container-demuxer-webm: 4f35f7cbe854078d1ac9338744f61a02 -> 
  custom:container-demuxer-ogg: 62fdf1f143b41e24485cea50d1cbac27 -> 
  custom:video-encoder-webm-vp8: eb34c28f22e8b96e1ab97ce403110664 -> 
  custom:video-decoder-webm-vp8: 9c59270c3fd7afecdb556c50c9e8de78 -> 
  custom:audio-decoder-ogg-vorbis: bf7c407c2cedff20999df2af8eb42d56 -> 
  custom:audio-encoder-webm-vorbis: bf7c407c2cedff20999df2af8eb42d56 -> 
